<?xml version="1.0" encoding="UTF-8"?>
<project name="android_test_runner_rules" default="test-unit">
  <import file="exp-codegen.xml" />
  <target name="-test-unit-code-gen" depends="regenerate" />

  <target name="test-unit" depends="test-unit-normal" />
  <target name="test-unit-quick">
    <subant inheritAll="true">
      <fileset dir="${runner.test.unit}" includes="build.xml" />
      <target name="test" />
    </subant>
  </target>
  <target name="test-unit-normal">
    <subant inheritAll="true">
      <fileset dir="${runner.test.unit}" includes="build.xml" />
      <target name="clean" />
      <target name="test" />
    </subant>
  </target>
  <target name="test-unit-clean" depends="clean, -test-unit-code-gen, test-unit-normal" />
</project>
